<?xml version="1.0" encoding="UTF-8"?>
<testsuite xmlns:xsi="http://www.w3.org/2001/XMLSchema-instance" xsi:noNamespaceSchemaLocation="https://maven.apache.org/surefire/maven-surefire-plugin/xsd/surefire-test-report.xsd" name="com.datateam.CustomerRepositoryTests" time="1.518" tests="3" errors="0" skipped="0" failures="0">
  <properties>
[...]
</properties>
  <testcase name="findsByLastName" classname="com.datateam.CustomerRepositoryTests" time="0.083"/>
  <testcase name="setsIdOnSave" classname="com.datateam.CustomerRepositoryTests" time="0.005"/>
  <testcase name="findsByExample" classname="com.datateam.CustomerRepositoryTests" time="0.009"/>
</testsuite>